2021-05-21 00:00:01.165 [Thread-1] INFO  org.example.TCPConnection - TCP: got line {"type":"USERS","name":"SERVER","text":" \u003e User","time":"00:00:01"}
2021-05-21 00:00:01.289 [Thread-1] INFO  org.example.TCPConnection - TCP: read Message(type=USERS, name=SERVER, text= > User, time=00:00:01)
2021-05-21 00:00:01.289 [Thread-1] INFO  org.example.ClientModelImpl - CLIENT MODEL: receive <Message(type=USERS, name=SERVER, text= > User, time=00:00:01)>
2021-05-21 00:00:01.289 [Thread-1] INFO  org.example.ClientControllerImpl - CLIENT CONTROLLER: event updateUsers
2021-05-21 00:00:01.294 [Thread-1] INFO  org.example.ClientControllerImpl - CLIENT CONTROLLER: lines
 > User
append to user area
2021-05-21 00:00:01.295 [Thread-1] INFO  org.example.TCPConnection - TCP: Socket socket Socket[addr=/192.168.88.194,port=9996,localport=52580], is connected true, is closed false, isInputShut false, isOutShutfalse
2021-05-21 00:00:01.295 [Thread-1] INFO  org.example.TCPConnection - TCP: got line {"type":"NOTIFICATION","name":"SERVER","text":"User 3User left the chat","time":"00:00:01"}
2021-05-21 00:00:01.312 [Thread-1] INFO  org.example.TCPConnection - TCP: read Message(type=NOTIFICATION, name=SERVER, text=User 3User left the chat, time=00:00:01)
2021-05-21 00:00:01.313 [Thread-1] INFO  org.example.ClientModelImpl - CLIENT MODEL: receive <Message(type=NOTIFICATION, name=SERVER, text=User 3User left the chat, time=00:00:01)>
2021-05-21 00:00:01.314 [Thread-1] INFO  org.example.ClientControllerImpl - CLIENT CONTROLLER: event printMessageLine
2021-05-21 00:00:01.321 [Thread-1] INFO  org.example.ClientControllerImpl - CLIENT CONTROLLER: message ***[00:00:01] SERVER: User 3User left the chat append to chat area
2021-05-21 00:00:01.321 [Thread-1] INFO  org.example.TCPConnection - TCP: Socket socket Socket[addr=/192.168.88.194,port=9996,localport=52580], is connected true, is closed false, isInputShut false, isOutShutfalse
2021-05-21 00:09:59.111 [Thread-1] INFO  org.example.TCPConnection - TCP: got line {"type":"NOTIFICATION","name":"SERVER","text":"3User joined to the chat","time":"00:09:59"}
2021-05-21 00:09:59.111 [Thread-1] INFO  org.example.TCPConnection - TCP: read Message(type=NOTIFICATION, name=SERVER, text=3User joined to the chat, time=00:09:59)
2021-05-21 00:09:59.112 [Thread-1] INFO  org.example.ClientModelImpl - CLIENT MODEL: receive <Message(type=NOTIFICATION, name=SERVER, text=3User joined to the chat, time=00:09:59)>
2021-05-21 00:09:59.112 [Thread-1] INFO  org.example.ClientControllerImpl - CLIENT CONTROLLER: event printMessageLine
2021-05-21 00:09:59.112 [Thread-1] INFO  org.example.ClientControllerImpl - CLIENT CONTROLLER: message ***[00:09:59] SERVER: 3User joined to the chat append to chat area
2021-05-21 00:09:59.113 [Thread-1] INFO  org.example.TCPConnection - TCP: Socket socket Socket[addr=/192.168.88.194,port=9996,localport=52580], is connected true, is closed false, isInputShut false, isOutShutfalse
2021-05-21 00:09:59.140 [Thread-1] INFO  org.example.TCPConnection - TCP: got line {"type":"USERS","name":"SERVER","text":" \u003e 3User\n \u003e User","time":"00:09:59"}
2021-05-21 00:09:59.140 [Thread-1] INFO  org.example.TCPConnection - TCP: read Message(type=USERS, name=SERVER, text= > 3User
 > User, time=00:09:59)
2021-05-21 00:09:59.140 [Thread-1] INFO  org.example.ClientModelImpl - CLIENT MODEL: receive <Message(type=USERS, name=SERVER, text= > 3User
 > User, time=00:09:59)>
2021-05-21 00:09:59.141 [Thread-1] INFO  org.example.ClientControllerImpl - CLIENT CONTROLLER: event updateUsers
2021-05-21 00:09:59.141 [Thread-1] INFO  org.example.ClientControllerImpl - CLIENT CONTROLLER: lines
 > 3User
 > User
append to user area
2021-05-21 00:09:59.142 [Thread-1] INFO  org.example.TCPConnection - TCP: Socket socket Socket[addr=/192.168.88.194,port=9996,localport=52580], is connected true, is closed false, isInputShut false, isOutShutfalse
2021-05-21 00:10:04.650 [Thread-1] INFO  org.example.TCPConnection - TCP: got line {"type":"USERS","name":"SERVER","text":" \u003e User","time":"00:10:04"}
2021-05-21 00:10:04.651 [Thread-1] INFO  org.example.TCPConnection - TCP: read Message(type=USERS, name=SERVER, text= > User, time=00:10:04)
2021-05-21 00:10:04.651 [Thread-1] INFO  org.example.ClientModelImpl - CLIENT MODEL: receive <Message(type=USERS, name=SERVER, text= > User, time=00:10:04)>
2021-05-21 00:10:04.651 [Thread-1] INFO  org.example.ClientControllerImpl - CLIENT CONTROLLER: event updateUsers
2021-05-21 00:10:04.652 [Thread-1] INFO  org.example.ClientControllerImpl - CLIENT CONTROLLER: lines
 > User
append to user area
2021-05-21 00:10:04.662 [Thread-1] INFO  org.example.TCPConnection - TCP: Socket socket Socket[addr=/192.168.88.194,port=9996,localport=52580], is connected true, is closed false, isInputShut false, isOutShutfalse
2021-05-21 00:10:04.665 [Thread-1] INFO  org.example.TCPConnection - TCP: got line {"type":"NOTIFICATION","name":"SERVER","text":"User 3User left the chat","time":"00:10:04"}
2021-05-21 00:10:04.666 [Thread-1] INFO  org.example.TCPConnection - TCP: read Message(type=NOTIFICATION, name=SERVER, text=User 3User left the chat, time=00:10:04)
2021-05-21 00:10:04.667 [Thread-1] INFO  org.example.ClientModelImpl - CLIENT MODEL: receive <Message(type=NOTIFICATION, name=SERVER, text=User 3User left the chat, time=00:10:04)>
2021-05-21 00:10:04.668 [Thread-1] INFO  org.example.ClientControllerImpl - CLIENT CONTROLLER: event printMessageLine
2021-05-21 00:10:04.672 [Thread-1] INFO  org.example.ClientControllerImpl - CLIENT CONTROLLER: message ***[00:10:04] SERVER: User 3User left the chat append to chat area
2021-05-21 00:10:04.673 [Thread-1] INFO  org.example.TCPConnection - TCP: Socket socket Socket[addr=/192.168.88.194,port=9996,localport=52580], is connected true, is closed false, isInputShut false, isOutShutfalse
2021-05-21 00:10:51.461 [Thread-1] INFO  org.example.TCPConnection - TCP: got line {"type":"NOTIFICATION","name":"SERVER","text":"3User joined to the chat","time":"00:10:51"}
2021-05-21 00:10:51.461 [Thread-1] INFO  org.example.TCPConnection - TCP: read Message(type=NOTIFICATION, name=SERVER, text=3User joined to the chat, time=00:10:51)
2021-05-21 00:10:51.461 [Thread-1] INFO  org.example.ClientModelImpl - CLIENT MODEL: receive <Message(type=NOTIFICATION, name=SERVER, text=3User joined to the chat, time=00:10:51)>
2021-05-21 00:10:51.461 [Thread-1] INFO  org.example.ClientControllerImpl - CLIENT CONTROLLER: event printMessageLine
2021-05-21 00:10:51.462 [Thread-1] INFO  org.example.ClientControllerImpl - CLIENT CONTROLLER: message ***[00:10:51] SERVER: 3User joined to the chat append to chat area
2021-05-21 00:10:51.462 [Thread-1] INFO  org.example.TCPConnection - TCP: Socket socket Socket[addr=/192.168.88.194,port=9996,localport=52580], is connected true, is closed false, isInputShut false, isOutShutfalse
2021-05-21 00:10:51.462 [Thread-1] INFO  org.example.TCPConnection - TCP: got line {"type":"USERS","name":"SERVER","text":" \u003e 3User\n \u003e User","time":"00:10:51"}
2021-05-21 00:10:51.463 [Thread-1] INFO  org.example.TCPConnection - TCP: read Message(type=USERS, name=SERVER, text= > 3User
 > User, time=00:10:51)
2021-05-21 00:10:51.463 [Thread-1] INFO  org.example.ClientModelImpl - CLIENT MODEL: receive <Message(type=USERS, name=SERVER, text= > 3User
 > User, time=00:10:51)>
2021-05-21 00:10:51.463 [Thread-1] INFO  org.example.ClientControllerImpl - CLIENT CONTROLLER: event updateUsers
2021-05-21 00:10:51.464 [Thread-1] INFO  org.example.ClientControllerImpl - CLIENT CONTROLLER: lines
 > 3User
 > User
append to user area
2021-05-21 00:10:51.464 [Thread-1] INFO  org.example.TCPConnection - TCP: Socket socket Socket[addr=/192.168.88.194,port=9996,localport=52580], is connected true, is closed false, isInputShut false, isOutShutfalse
2021-05-21 00:10:52.132 [Thread-1] INFO  org.example.TCPConnection - TCP: got line {"type":"USERS","name":"SERVER","text":" \u003e User","time":"00:10:52"}
2021-05-21 00:10:52.132 [Thread-1] INFO  org.example.TCPConnection - TCP: read Message(type=USERS, name=SERVER, text= > User, time=00:10:52)
2021-05-21 00:10:52.132 [Thread-1] INFO  org.example.ClientModelImpl - CLIENT MODEL: receive <Message(type=USERS, name=SERVER, text= > User, time=00:10:52)>
2021-05-21 00:10:52.133 [Thread-1] INFO  org.example.ClientControllerImpl - CLIENT CONTROLLER: event updateUsers
2021-05-21 00:10:52.134 [Thread-1] INFO  org.example.ClientControllerImpl - CLIENT CONTROLLER: lines
 > User
append to user area
2021-05-21 00:10:52.134 [Thread-1] INFO  org.example.TCPConnection - TCP: Socket socket Socket[addr=/192.168.88.194,port=9996,localport=52580], is connected true, is closed false, isInputShut false, isOutShutfalse
2021-05-21 00:10:52.135 [Thread-1] INFO  org.example.TCPConnection - TCP: got line {"type":"NOTIFICATION","name":"SERVER","text":"User 3User left the chat","time":"00:10:52"}
2021-05-21 00:10:52.137 [Thread-1] INFO  org.example.TCPConnection - TCP: read Message(type=NOTIFICATION, name=SERVER, text=User 3User left the chat, time=00:10:52)
2021-05-21 00:10:52.137 [Thread-1] INFO  org.example.ClientModelImpl - CLIENT MODEL: receive <Message(type=NOTIFICATION, name=SERVER, text=User 3User left the chat, time=00:10:52)>
2021-05-21 00:10:52.137 [Thread-1] INFO  org.example.ClientControllerImpl - CLIENT CONTROLLER: event printMessageLine
2021-05-21 00:10:52.138 [Thread-1] INFO  org.example.ClientControllerImpl - CLIENT CONTROLLER: message ***[00:10:52] SERVER: User 3User left the chat append to chat area
2021-05-21 00:10:52.138 [Thread-1] INFO  org.example.TCPConnection - TCP: Socket socket Socket[addr=/192.168.88.194,port=9996,localport=52580], is connected true, is closed false, isInputShut false, isOutShutfalse
2021-05-21 00:10:52.994 [AWT-EventQueue-0] INFO  org.example.ClientControllerImpl - CLIENT CONTROLLER: triggered button <Connect>. Button state is <DISCONNECT>
2021-05-21 00:10:53.000 [AWT-EventQueue-0] INFO  org.example.ClientModelImpl - CLIENT MODEL: stop
2021-05-21 00:10:53.000 [AWT-EventQueue-0] INFO  org.example.TCPConnection - TCP: send Message(type=DISCONNECT, name=User, text=, time=00:10:53)
2021-05-21 00:10:53.000 [AWT-EventQueue-0] INFO  org.example.TCPConnection - TCP: disconnect Connection(/192.168.88.194:9996)
2021-05-21 00:10:53.007 [Thread-1] ERROR org.example.TCPConnection - TCP: socket exception. Socket is close: true
java.net.SocketException: Socket closed
	at java.base/java.net.SocketInputStream.socketRead0(Native Method)
	at java.base/java.net.SocketInputStream.socketRead(SocketInputStream.java:115)
	at java.base/java.net.SocketInputStream.read(SocketInputStream.java:168)
	at java.base/java.net.SocketInputStream.read(SocketInputStream.java:140)
	at java.base/sun.nio.cs.StreamDecoder.readBytes(StreamDecoder.java:284)
	at java.base/sun.nio.cs.StreamDecoder.implRead(StreamDecoder.java:326)
	at java.base/sun.nio.cs.StreamDecoder.read(StreamDecoder.java:178)
	at java.base/java.io.InputStreamReader.read(InputStreamReader.java:181)
	at java.base/java.io.BufferedReader.fill(BufferedReader.java:161)
	at java.base/java.io.BufferedReader.readLine(BufferedReader.java:326)
	at java.base/java.io.BufferedReader.readLine(BufferedReader.java:392)
	at org.example.TCPConnection$1.run(TCPConnection.java:50)
	at java.base/java.lang.Thread.run(Thread.java:829)
2021-05-21 00:10:53.009 [Thread-1] INFO  org.example.ClientModelImpl - CLIENT MODEL: connection exception
java.net.SocketException: Socket closed
	at java.base/java.net.SocketInputStream.socketRead0(Native Method)
	at java.base/java.net.SocketInputStream.socketRead(SocketInputStream.java:115)
	at java.base/java.net.SocketInputStream.read(SocketInputStream.java:168)
	at java.base/java.net.SocketInputStream.read(SocketInputStream.java:140)
	at java.base/sun.nio.cs.StreamDecoder.readBytes(StreamDecoder.java:284)
	at java.base/sun.nio.cs.StreamDecoder.implRead(StreamDecoder.java:326)
	at java.base/sun.nio.cs.StreamDecoder.read(StreamDecoder.java:178)
	at java.base/java.io.InputStreamReader.read(InputStreamReader.java:181)
	at java.base/java.io.BufferedReader.fill(BufferedReader.java:161)
	at java.base/java.io.BufferedReader.readLine(BufferedReader.java:326)
	at java.base/java.io.BufferedReader.readLine(BufferedReader.java:392)
	at org.example.TCPConnection$1.run(TCPConnection.java:50)
	at java.base/java.lang.Thread.run(Thread.java:829)
2021-05-21 00:10:53.009 [Thread-1] INFO  org.example.ClientControllerImpl - CLIENT CONTROLLER: event printMessageLine
2021-05-21 00:10:53.014 [Thread-1] INFO  org.example.ClientControllerImpl - CLIENT CONTROLLER: message Connection exception. append to chat area
2021-05-21 00:10:53.014 [Thread-1] INFO  org.example.ClientModelImpl - CLIENT MODEL: connection disconnect
2021-05-21 00:10:53.014 [Thread-1] INFO  org.example.ClientControllerImpl - CLIENT CONTROLLER: event connectionDisconnect
2021-05-21 00:10:53.030 [Thread-1] INFO  org.example.ClientControllerImpl - CLIENT CONTROLLER: DISCONNECTED
2021-05-21 00:10:53.030 [Thread-1] INFO  org.example.ClientControllerImpl - CLIENT CONTROLLER: event printMessageLine
2021-05-21 00:10:53.031 [Thread-1] INFO  org.example.ClientControllerImpl - CLIENT CONTROLLER: message Connection closed. append to chat area
2021-05-21 00:18:37.758 [main] INFO  org.example.ServerConfigLoader - Config loaded from server.properties : ServerConfig(port=9996)
2021-05-21 00:18:37.812 [main] INFO  org.example.Server - SERVER: running on port [9996]
2021-05-21 00:20:08.872 [main] INFO  org.example.ClientModelImpl - CLIENT MODEL created
2021-05-21 00:20:12.108 [AWT-EventQueue-0] INFO  org.example.ClientControllerImpl - CLIENT CONTROLLER: triggered button <Connect>. Button state is <CONNECT>
2021-05-21 00:20:12.112 [AWT-EventQueue-0] INFO  org.example.ClientModelImpl - CLIENT MODEL: set user name <User>
2021-05-21 00:20:12.113 [AWT-EventQueue-0] INFO  org.example.ClientControllerImpl - CLIENT CONTROLLER: event userName
2021-05-21 00:20:12.127 [AWT-EventQueue-0] INFO  org.example.ClientControllerImpl - CLIENT CONTROLLER: user name updated
2021-05-21 00:20:12.129 [AWT-EventQueue-0] INFO  org.example.ClientModelImpl - CLIENT MODEL: set ip address <192.168.88.194>
2021-05-21 00:20:12.130 [AWT-EventQueue-0] INFO  org.example.ClientControllerImpl - CLIENT CONTROLLER: event ipAddress
2021-05-21 00:20:12.132 [AWT-EventQueue-0] INFO  org.example.ClientControllerImpl - CLIENT CONTROLLER: ip address updated
2021-05-21 00:20:12.133 [AWT-EventQueue-0] INFO  org.example.ClientControllerImpl - CLIENT CONTROLLER: event port
2021-05-21 00:20:12.135 [AWT-EventQueue-0] INFO  org.example.ClientControllerImpl - CLIENT CONTROLLER: port updated
2021-05-21 00:20:12.136 [AWT-EventQueue-0] INFO  org.example.ClientModelImpl - CLIENT MODEL: set port <9997>
2021-05-21 00:20:12.138 [AWT-EventQueue-0] INFO  org.example.ClientModelImpl - CLIENT MODEL: start
2021-05-21 00:20:12.231 [AWT-EventQueue-0] INFO  org.example.ClientModelImpl - CLIENT MODEL: connection disconnect
2021-05-21 00:20:12.234 [Thread-0] INFO  org.example.ClientControllerImpl - CLIENT CONTROLLER: event onConnectionReady
2021-05-21 00:20:12.247 [Thread-0] INFO  org.example.ClientControllerImpl - CLIENT CONTROLLER: CONNECTED
2021-05-21 00:20:12.248 [Thread-0] INFO  org.example.ClientModelImpl - CLIENT MODEL: connection ready
2021-05-21 00:20:12.251 [Thread-0] INFO  org.example.ClientControllerImpl - CLIENT CONTROLLER: event printMessageLine
2021-05-21 00:20:12.267 [Thread-0] INFO  org.example.ClientControllerImpl - CLIENT CONTROLLER: message Connection ready. append to chat area
2021-05-21 00:20:12.289 [AWT-EventQueue-0] INFO  org.example.TCPConnection - TCP: send Message(type=NAME, name=User, text=, time=00:20:12)
2021-05-21 00:20:12.323 [Thread-0] INFO  org.example.TCPConnection - TCP: got line {"type":"NOTIFICATION","name":"SERVER","text":"User joined to the chat","time":"00:20:12"}
2021-05-21 00:20:12.330 [Thread-0] INFO  org.example.TCPConnection - TCP: read Message(type=NOTIFICATION, name=SERVER, text=User joined to the chat, time=00:20:12)
2021-05-21 00:20:12.331 [Thread-0] INFO  org.example.ClientModelImpl - CLIENT MODEL: receive <Message(type=NOTIFICATION, name=SERVER, text=User joined to the chat, time=00:20:12)>
2021-05-21 00:20:12.396 [Thread-0] INFO  org.example.ClientControllerImpl - CLIENT CONTROLLER: event printMessageLine
2021-05-21 00:20:12.402 [Thread-0] INFO  org.example.ClientControllerImpl - CLIENT CONTROLLER: message ***[00:20:12] SERVER: User joined to the chat append to chat area
2021-05-21 00:20:12.409 [Thread-0] INFO  org.example.TCPConnection - TCP: got line {"type":"USERS","name":"SERVER","text":" \u003e User","time":"00:20:12"}
2021-05-21 00:20:12.414 [Thread-0] INFO  org.example.TCPConnection - TCP: read Message(type=USERS, name=SERVER, text= > User, time=00:20:12)
2021-05-21 00:20:12.416 [Thread-0] INFO  org.example.ClientModelImpl - CLIENT MODEL: receive <Message(type=USERS, name=SERVER, text= > User, time=00:20:12)>
2021-05-21 00:20:12.421 [Thread-0] INFO  org.example.ClientControllerImpl - CLIENT CONTROLLER: event updateUsers
2021-05-21 00:20:12.460 [Thread-0] INFO  org.example.ClientControllerImpl - CLIENT CONTROLLER: lines
 > User
append to user area
